<?xml version="1.0" encoding="utf-8"?><testsuites><testsuite name="pytest" errors="2" failures="0" skipped="0" tests="2" time="0.096" timestamp="2022-07-21T22:30:55.971539" hostname="Abdulrahmans-MacBook-Pro.local"><testcase classname="" name="apps.statistics.tests.test_api.test_statistics" time="0.000"><error message="collection failure">ImportError while importing test module '/Users/abdulrahmandawoud/handy/interviews/csv_statics/apps/statistics/tests/test_api/test_statistics.py'.
Hint: make sure your test modules/packages have valid Python names.
Traceback:
/Library/Frameworks/Python.framework/Versions/3.10/lib/python3.10/importlib/__init__.py:126: in import_module
    return _bootstrap._gcd_import(name[level:], package, level)
E   ModuleNotFoundError: No module named 'statistics.tests'; 'statistics' is not a package</error></testcase><testcase classname="" name="apps.statistics.tests.test_api.test_upload_csv_file" time="0.000"><error message="collection failure">ImportError while importing test module '/Users/abdulrahmandawoud/handy/interviews/csv_statics/apps/statistics/tests/test_api/test_upload_csv_file.py'.
Hint: make sure your test modules/packages have valid Python names.
Traceback:
/Library/Frameworks/Python.framework/Versions/3.10/lib/python3.10/importlib/__init__.py:126: in import_module
    return _bootstrap._gcd_import(name[level:], package, level)
E   ModuleNotFoundError: No module named 'statistics.tests'; 'statistics' is not a package</error></testcase></testsuite></testsuites>